
C:\cron>php schedular.php 
Schedule run
[92mUpdating resource_planner[0m
Importing Projects
Nothing to updates
Importing Resources
Nothing to updates
Done
Schedule run
[92mUpdating resource_planner[0m
Importing Projects
Nothing to updates
Importing Resources
Nothing to updates
Done
Importing Projects
Nothing to updates
Importing Resources
Nothing to updates
Done
[92mUpdating resource_planner[0m
Importing Projects
Nothing to updates
Importing Resources
Nothing to updates
Done
Importing Projects
Nothing to updates
Importing Resources
Nothing to updates
Done
Schedule run
[92mUpdating resource_planner[0m
Importing Projects
Nothing to updates
Importing Resources
Nothing to updates
Done
Importing Projects
Nothing to updates
Importing Resources
Nothing to updates
Done
Importing Projects
Nothing to updates
Importing Resources
Nothing to updates
Done
[92mUpdating resource_planner[0m
Importing Projects
Nothing to updates
Importing Resources
Nothing to updates
Done
Importing Projects
Nothing to updates
Importing Resources
Nothing to updates
Done
Importing Projects
Nothing to updates
Importing Resources
Nothing to updates
Done
[92mUpdating resource_planner[0m
Importing Projects
Nothing to updates
Importing Resources
Nothing to updates
Done
Importing Projects
Nothing to updates
Importing Resources
Nothing to updates
Done
Importing Projects
Nothing to updates
Importing Resources
Nothing to updates
Done
Schedule run
[92mUpdating resource_planner[0m
Importing Projects
Nothing to updates
Importing Resources
Nothing to updates
Done
Importing Projects
Nothing to updates
Importing Resources
Nothing to updates
Done
Importing Projects
Nothing to updates
Importing Resources
Nothing to updates
Done
Importing Projects
Nothing to updates
Importing Resources
Nothing to updates
Done
[92mUpdating resource_planner[0m
Importing Projects
Nothing to updates
Importing Resources
Nothing to updates
Done
Importing Projects
Nothing to updates
Importing Resources
Nothing to updates
Done
Importing Projects
Nothing to updates
Importing Resources
Nothing to updates
Done
Importing Projects
Nothing to updates
Importing Resources
Nothing to updates
Done
[92mUpdating resource_planner[0m
Importing Projects
Nothing to updates
Importing Resources
Nothing to updates
Done
Importing Projects
Nothing to updates
Importing Resources
Nothing to updates
Done
Importing Projects
Nothing to updates
Importing Resources
Nothing to updates
Done
Importing Projects
Nothing to updates
Importing Resources
Nothing to updates
Done
[92mUpdating resource_planner[0m
Importing Projects
Nothing to updates
Importing Resources
Nothing to updates
Done
Importing Projects
Nothing to updates
Importing Resources
Nothing to updates
Done
Importing Projects
Nothing to updates
Importing Resources
Nothing to updates
Done
Importing Projects
Nothing to updates
Importing Resources
Nothing to updates
Done
Terminate batch job (Y/N)? 
